<?xml version="1.0" encoding="UTF-8"?>
<!-- Generated by org.testng.reporters.JUnitReportReporter -->
<testsuite hostname="DESKTOP-UDENU3C" failures="0" tests="1" name="trelloproj.test.NewTest" time="120.465" errors="0" timestamp="2022-07-18T13:13:28 IST" skipped="0">
  <testcase classname="trelloproj.test.NewTest" name="login" time="120.465"/>
  <system-out/>
</testsuite> <!-- trelloproj.test.NewTest -->
